[0.057s] DEBUG:colcon:Command line arguments: ['/usr/bin/colcon', 'build']
[0.057s] DEBUG:colcon:Parsed command line arguments: Namespace(log_base=None, log_level=None, verb_name='build', build_base='build', install_base='install', merge_install=False, symlink_install=False, test_result_base=None, continue_on_error=False, executor='parallel', parallel_workers=16, event_handlers=None, ignore_user_meta=False, metas=['./colcon.meta'], base_paths=['.'], packages_ignore=None, packages_ignore_regex=None, paths=None, packages_up_to=None, packages_up_to_regex=None, packages_above=None, packages_above_and_dependencies=None, packages_above_depth=None, packages_select_by_dep=None, packages_skip_by_dep=None, packages_skip_up_to=None, packages_select_build_failed=False, packages_skip_build_finished=False, packages_select_test_failures=False, packages_skip_test_passed=False, packages_select=None, packages_skip=None, packages_select_regex=None, packages_skip_regex=None, packages_start=None, packages_end=None, allow_overriding=[], cmake_args=None, cmake_target=None, cmake_target_skip_unavailable=False, cmake_clean_cache=False, cmake_clean_first=False, cmake_force_configure=False, ament_cmake_args=None, catkin_cmake_args=None, catkin_skip_building_tests=False, mixin_files=None, mixin=None, verb_parser=<colcon_mixin.mixin.mixin_argument.MixinArgumentDecorator object at 0x7a5d7d161db0>, verb_extension=<colcon_core.verb.build.BuildVerb object at 0x7a5d7d2da2f0>, main=<bound method BuildVerb.main of <colcon_core.verb.build.BuildVerb object at 0x7a5d7d2da2f0>>, mixin_verb=('build',))
[0.141s] Level 1:colcon.colcon_core.package_discovery:discover_packages(colcon_meta) check parameters
[0.141s] Level 1:colcon.colcon_core.package_discovery:discover_packages(recursive) check parameters
[0.141s] Level 1:colcon.colcon_core.package_discovery:discover_packages(ignore) check parameters
[0.141s] Level 1:colcon.colcon_core.package_discovery:discover_packages(path) check parameters
[0.141s] Level 1:colcon.colcon_core.package_discovery:discover_packages(colcon_meta) discover
[0.141s] Level 1:colcon.colcon_core.package_discovery:discover_packages(recursive) discover
[0.141s] INFO:colcon.colcon_core.package_discovery:Crawling recursively for packages in '/home/deepanshu/My_ROS'
[0.142s] Level 1:colcon.colcon_core.package_identification:_identify(.) by extensions ['ignore', 'ignore_ament_install']
[0.142s] Level 1:colcon.colcon_core.package_identification:_identify(.) by extension 'ignore'
[0.142s] Level 1:colcon.colcon_core.package_identification:_identify(.) by extension 'ignore_ament_install'
[0.142s] Level 1:colcon.colcon_core.package_identification:_identify(.) by extensions ['colcon_pkg']
[0.142s] Level 1:colcon.colcon_core.package_identification:_identify(.) by extension 'colcon_pkg'
[0.142s] Level 1:colcon.colcon_core.package_identification:_identify(.) by extensions ['colcon_meta']
[0.142s] Level 1:colcon.colcon_core.package_identification:_identify(.) by extension 'colcon_meta'
[0.142s] Level 1:colcon.colcon_core.package_identification:_identify(.) by extensions ['ros']
[0.142s] Level 1:colcon.colcon_core.package_identification:_identify(.) by extension 'ros'
[0.148s] Level 1:colcon.colcon_core.package_identification:_identify(.) by extensions ['cmake', 'python']
[0.148s] Level 1:colcon.colcon_core.package_identification:_identify(.) by extension 'cmake'
[0.148s] Level 1:colcon.colcon_core.package_identification:_identify(.) by extension 'python'
[0.148s] Level 1:colcon.colcon_core.package_identification:_identify(.) by extensions ['python_setup_py']
[0.148s] Level 1:colcon.colcon_core.package_identification:_identify(.) by extension 'python_setup_py'
[0.148s] Level 1:colcon.colcon_core.package_identification:_identify(build) by extensions ['ignore', 'ignore_ament_install']
[0.148s] Level 1:colcon.colcon_core.package_identification:_identify(build) by extension 'ignore'
[0.148s] Level 1:colcon.colcon_core.package_identification:_identify(build) ignored
[0.148s] Level 1:colcon.colcon_core.package_identification:_identify(install) by extensions ['ignore', 'ignore_ament_install']
[0.148s] Level 1:colcon.colcon_core.package_identification:_identify(install) by extension 'ignore'
[0.148s] Level 1:colcon.colcon_core.package_identification:_identify(install) ignored
[0.148s] Level 1:colcon.colcon_core.package_identification:_identify(log) by extensions ['ignore', 'ignore_ament_install']
[0.148s] Level 1:colcon.colcon_core.package_identification:_identify(log) by extension 'ignore'
[0.148s] Level 1:colcon.colcon_core.package_identification:_identify(log) ignored
[0.149s] Level 1:colcon.colcon_core.package_identification:_identify(src) by extensions ['ignore', 'ignore_ament_install']
[0.149s] Level 1:colcon.colcon_core.package_identification:_identify(src) by extension 'ignore'
[0.149s] Level 1:colcon.colcon_core.package_identification:_identify(src) by extension 'ignore_ament_install'
[0.149s] Level 1:colcon.colcon_core.package_identification:_identify(src) by extensions ['colcon_pkg']
[0.149s] Level 1:colcon.colcon_core.package_identification:_identify(src) by extension 'colcon_pkg'
[0.149s] Level 1:colcon.colcon_core.package_identification:_identify(src) by extensions ['colcon_meta']
[0.149s] Level 1:colcon.colcon_core.package_identification:_identify(src) by extension 'colcon_meta'
[0.149s] Level 1:colcon.colcon_core.package_identification:_identify(src) by extensions ['ros']
[0.149s] Level 1:colcon.colcon_core.package_identification:_identify(src) by extension 'ros'
[0.149s] Level 1:colcon.colcon_core.package_identification:_identify(src) by extensions ['cmake', 'python']
[0.149s] Level 1:colcon.colcon_core.package_identification:_identify(src) by extension 'cmake'
[0.149s] Level 1:colcon.colcon_core.package_identification:_identify(src) by extension 'python'
[0.149s] Level 1:colcon.colcon_core.package_identification:_identify(src) by extensions ['python_setup_py']
[0.149s] Level 1:colcon.colcon_core.package_identification:_identify(src) by extension 'python_setup_py'
[0.149s] Level 1:colcon.colcon_core.package_identification:_identify(src/r_bot) by extensions ['ignore', 'ignore_ament_install']
[0.149s] Level 1:colcon.colcon_core.package_identification:_identify(src/r_bot) by extension 'ignore'
[0.149s] Level 1:colcon.colcon_core.package_identification:_identify(src/r_bot) by extension 'ignore_ament_install'
[0.149s] Level 1:colcon.colcon_core.package_identification:_identify(src/r_bot) by extensions ['colcon_pkg']
[0.149s] Level 1:colcon.colcon_core.package_identification:_identify(src/r_bot) by extension 'colcon_pkg'
[0.149s] Level 1:colcon.colcon_core.package_identification:_identify(src/r_bot) by extensions ['colcon_meta']
[0.149s] Level 1:colcon.colcon_core.package_identification:_identify(src/r_bot) by extension 'colcon_meta'
[0.149s] Level 1:colcon.colcon_core.package_identification:_identify(src/r_bot) by extensions ['ros']
[0.149s] Level 1:colcon.colcon_core.package_identification:_identify(src/r_bot) by extension 'ros'
[0.150s] DEBUG:colcon.colcon_core.package_identification:Package 'src/r_bot' with type 'ros.ament_python' and name 'r_bot'
[0.150s] Level 1:colcon.colcon_core.package_discovery:discover_packages(recursive) using defaults
[0.150s] Level 1:colcon.colcon_core.package_discovery:discover_packages(ignore) discover
[0.150s] Level 1:colcon.colcon_core.package_discovery:discover_packages(ignore) using defaults
[0.150s] Level 1:colcon.colcon_core.package_discovery:discover_packages(path) discover
[0.150s] Level 1:colcon.colcon_core.package_discovery:discover_packages(path) using defaults
[0.168s] Level 1:colcon.colcon_core.package_discovery:discover_packages(prefix_path) check parameters
[0.168s] Level 1:colcon.colcon_core.package_discovery:discover_packages(prefix_path) discover
[0.169s] DEBUG:colcon.colcon_installed_package_information.package_discovery:Found 1 installed packages in /home/deepanshu/My_ROS/install
[0.169s] DEBUG:colcon.colcon_installed_package_information.package_discovery:Found 1 installed packages in /home/deepanshu/omni_rev/install
[0.170s] DEBUG:colcon.colcon_installed_package_information.package_discovery:Found 342 installed packages in /opt/ros/humble
[0.171s] Level 1:colcon.colcon_core.package_discovery:discover_packages(prefix_path) using defaults
[0.192s] Level 5:colcon.colcon_core.verb:set package 'r_bot' build argument 'cmake_args' from command line to 'None'
[0.193s] Level 5:colcon.colcon_core.verb:set package 'r_bot' build argument 'cmake_target' from command line to 'None'
[0.193s] Level 5:colcon.colcon_core.verb:set package 'r_bot' build argument 'cmake_target_skip_unavailable' from command line to 'False'
[0.193s] Level 5:colcon.colcon_core.verb:set package 'r_bot' build argument 'cmake_clean_cache' from command line to 'False'
[0.193s] Level 5:colcon.colcon_core.verb:set package 'r_bot' build argument 'cmake_clean_first' from command line to 'False'
[0.193s] Level 5:colcon.colcon_core.verb:set package 'r_bot' build argument 'cmake_force_configure' from command line to 'False'
[0.193s] Level 5:colcon.colcon_core.verb:set package 'r_bot' build argument 'ament_cmake_args' from command line to 'None'
[0.193s] Level 5:colcon.colcon_core.verb:set package 'r_bot' build argument 'catkin_cmake_args' from command line to 'None'
[0.193s] Level 5:colcon.colcon_core.verb:set package 'r_bot' build argument 'catkin_skip_building_tests' from command line to 'False'
[0.193s] DEBUG:colcon.colcon_core.verb:Building package 'r_bot' with the following arguments: {'ament_cmake_args': None, 'build_base': '/home/deepanshu/My_ROS/build/r_bot', 'catkin_cmake_args': None, 'catkin_skip_building_tests': False, 'cmake_args': None, 'cmake_clean_cache': False, 'cmake_clean_first': False, 'cmake_force_configure': False, 'cmake_target': None, 'cmake_target_skip_unavailable': False, 'install_base': '/home/deepanshu/My_ROS/install/r_bot', 'merge_install': False, 'path': '/home/deepanshu/My_ROS/src/r_bot', 'symlink_install': False, 'test_result_base': None}
[0.193s] INFO:colcon.colcon_core.executor:Executing jobs using 'parallel' executor
[0.194s] DEBUG:colcon.colcon_parallel_executor.executor.parallel:run_until_complete
[0.194s] INFO:colcon.colcon_ros.task.ament_python.build:Building ROS package in '/home/deepanshu/My_ROS/src/r_bot' with build type 'ament_python'
[0.194s] Level 1:colcon.colcon_core.shell:create_environment_hook('r_bot', 'ament_prefix_path')
[0.195s] INFO:colcon.colcon_core.plugin_system:Skipping extension 'colcon_core.shell.bat': Not used on non-Windows systems
[0.195s] INFO:colcon.colcon_core.shell:Creating environment hook '/home/deepanshu/My_ROS/install/r_bot/share/r_bot/hook/ament_prefix_path.ps1'
[0.195s] INFO:colcon.colcon_core.shell:Creating environment descriptor '/home/deepanshu/My_ROS/install/r_bot/share/r_bot/hook/ament_prefix_path.dsv'
[0.196s] INFO:colcon.colcon_core.shell:Creating environment hook '/home/deepanshu/My_ROS/install/r_bot/share/r_bot/hook/ament_prefix_path.sh'
[0.196s] INFO:colcon.colcon_core.shell:Skip shell extension 'powershell' for command environment: Not usable outside of PowerShell
[0.196s] DEBUG:colcon.colcon_core.shell:Skip shell extension 'dsv' for command environment
[0.342s] WARNING:colcon.colcon_ros.task.ament_python.build:Package 'r_bot' doesn't explicitly install a marker in the package index (colcon-ros currently does it implicitly but that fallback will be removed in the future)
[0.342s] WARNING:colcon.colcon_ros.task.ament_python.build:Package 'r_bot' doesn't explicitly install the 'package.xml' file (colcon-ros currently does it implicitly but that fallback will be removed in the future)
[0.342s] INFO:colcon.colcon_core.task.python.build:Building Python package in '/home/deepanshu/My_ROS/src/r_bot'
[0.342s] INFO:colcon.colcon_core.shell:Skip shell extension 'powershell' for command environment: Not usable outside of PowerShell
[0.342s] DEBUG:colcon.colcon_core.shell:Skip shell extension 'dsv' for command environment
[0.533s] DEBUG:colcon.colcon_core.event_handler.log_command:Invoking command in '/home/deepanshu/My_ROS/src/r_bot': PYTHONPATH=/home/deepanshu/My_ROS/build/r_bot/prefix_override:/usr/lib/python3/dist-packages/colcon_core/task/python/colcon_distutils_commands:/home/deepanshu/My_ROS/install/r_bot/lib/python3.10/site-packages:${PYTHONPATH} /usr/bin/python3 -W ignore:setup.py install is deprecated -W ignore:easy_install command is deprecated setup.py egg_info --egg-base ../../build/r_bot build --build-base /home/deepanshu/My_ROS/build/r_bot/build install --record /home/deepanshu/My_ROS/build/r_bot/install.log --single-version-externally-managed
[0.695s] DEBUG:colcon.colcon_core.event_handler.log_command:Invoked command in '/home/deepanshu/My_ROS/src/r_bot' returned '0': PYTHONPATH=/home/deepanshu/My_ROS/build/r_bot/prefix_override:/usr/lib/python3/dist-packages/colcon_core/task/python/colcon_distutils_commands:/home/deepanshu/My_ROS/install/r_bot/lib/python3.10/site-packages:${PYTHONPATH} /usr/bin/python3 -W ignore:setup.py install is deprecated -W ignore:easy_install command is deprecated setup.py egg_info --egg-base ../../build/r_bot build --build-base /home/deepanshu/My_ROS/build/r_bot/build install --record /home/deepanshu/My_ROS/build/r_bot/install.log --single-version-externally-managed
[0.697s] Level 1:colcon.colcon_core.environment:checking '/home/deepanshu/My_ROS/install/r_bot' for CMake module files
[0.698s] Level 1:colcon.colcon_core.environment:checking '/home/deepanshu/My_ROS/install/r_bot' for CMake config files
[0.698s] Level 1:colcon.colcon_core.shell:create_environment_hook('r_bot', 'cmake_prefix_path')
[0.698s] INFO:colcon.colcon_core.shell:Creating environment hook '/home/deepanshu/My_ROS/install/r_bot/share/r_bot/hook/cmake_prefix_path.ps1'
[0.698s] INFO:colcon.colcon_core.shell:Creating environment descriptor '/home/deepanshu/My_ROS/install/r_bot/share/r_bot/hook/cmake_prefix_path.dsv'
[0.698s] INFO:colcon.colcon_core.shell:Creating environment hook '/home/deepanshu/My_ROS/install/r_bot/share/r_bot/hook/cmake_prefix_path.sh'
[0.699s] Level 1:colcon.colcon_core.environment:checking '/home/deepanshu/My_ROS/install/r_bot/lib'
[0.699s] Level 1:colcon.colcon_core.environment:checking '/home/deepanshu/My_ROS/install/r_bot/bin'
[0.699s] Level 1:colcon.colcon_core.shell:create_environment_hook('r_bot', 'path')
[0.699s] INFO:colcon.colcon_core.shell:Creating environment hook '/home/deepanshu/My_ROS/install/r_bot/share/r_bot/hook/path.ps1'
[0.699s] INFO:colcon.colcon_core.shell:Creating environment descriptor '/home/deepanshu/My_ROS/install/r_bot/share/r_bot/hook/path.dsv'
[0.699s] INFO:colcon.colcon_core.shell:Creating environment hook '/home/deepanshu/My_ROS/install/r_bot/share/r_bot/hook/path.sh'
[0.699s] Level 1:colcon.colcon_core.environment:checking '/home/deepanshu/My_ROS/install/r_bot/lib/pkgconfig/r_bot.pc'
[0.700s] Level 1:colcon.colcon_core.environment:checking '/home/deepanshu/My_ROS/install/r_bot/lib/python3.10/site-packages'
[0.700s] Level 1:colcon.colcon_core.shell:create_environment_hook('r_bot', 'pythonpath')
[0.700s] INFO:colcon.colcon_core.shell:Creating environment hook '/home/deepanshu/My_ROS/install/r_bot/share/r_bot/hook/pythonpath.ps1'
[0.700s] INFO:colcon.colcon_core.shell:Creating environment descriptor '/home/deepanshu/My_ROS/install/r_bot/share/r_bot/hook/pythonpath.dsv'
[0.700s] INFO:colcon.colcon_core.shell:Creating environment hook '/home/deepanshu/My_ROS/install/r_bot/share/r_bot/hook/pythonpath.sh'
[0.700s] Level 1:colcon.colcon_core.environment:checking '/home/deepanshu/My_ROS/install/r_bot/bin'
[0.700s] Level 1:colcon.colcon_core.shell:create_environment_hook('r_bot', 'pythonscriptspath')
[0.701s] INFO:colcon.colcon_core.shell:Creating environment hook '/home/deepanshu/My_ROS/install/r_bot/share/r_bot/hook/pythonscriptspath.ps1'
[0.701s] INFO:colcon.colcon_core.shell:Creating environment descriptor '/home/deepanshu/My_ROS/install/r_bot/share/r_bot/hook/pythonscriptspath.dsv'
[0.701s] INFO:colcon.colcon_core.shell:Creating environment hook '/home/deepanshu/My_ROS/install/r_bot/share/r_bot/hook/pythonscriptspath.sh'
[0.701s] Level 1:colcon.colcon_core.environment:create_environment_scripts_only(r_bot)
[0.701s] INFO:colcon.colcon_core.shell:Creating package script '/home/deepanshu/My_ROS/install/r_bot/share/r_bot/package.ps1'
[0.702s] INFO:colcon.colcon_core.shell:Creating package descriptor '/home/deepanshu/My_ROS/install/r_bot/share/r_bot/package.dsv'
[0.702s] INFO:colcon.colcon_core.shell:Creating package script '/home/deepanshu/My_ROS/install/r_bot/share/r_bot/package.sh'
[0.703s] INFO:colcon.colcon_core.shell:Creating package script '/home/deepanshu/My_ROS/install/r_bot/share/r_bot/package.bash'
[0.703s] INFO:colcon.colcon_core.shell:Creating package script '/home/deepanshu/My_ROS/install/r_bot/share/r_bot/package.zsh'
[0.703s] Level 1:colcon.colcon_core.environment:create_file_with_runtime_dependencies(/home/deepanshu/My_ROS/install/r_bot/share/colcon-core/packages/r_bot)
[0.704s] DEBUG:colcon.colcon_parallel_executor.executor.parallel:closing loop
[0.704s] DEBUG:colcon.colcon_parallel_executor.executor.parallel:loop closed
[0.704s] DEBUG:colcon.colcon_parallel_executor.executor.parallel:run_until_complete finished with '0'
[0.704s] DEBUG:colcon.colcon_core.event_reactor:joining thread
[0.707s] INFO:colcon.colcon_core.plugin_system:Skipping extension 'colcon_notification.desktop_notification.terminal_notifier': Not used on non-Darwin systems
[0.707s] INFO:colcon.colcon_core.plugin_system:Skipping extension 'colcon_notification.desktop_notification.win32': Not used on non-Windows systems
[0.707s] INFO:colcon.colcon_notification.desktop_notification:Sending desktop notification using 'notify2'
[0.714s] DEBUG:colcon.colcon_core.event_reactor:joined thread
[0.714s] INFO:colcon.colcon_core.shell:Creating prefix script '/home/deepanshu/My_ROS/install/local_setup.ps1'
[0.715s] INFO:colcon.colcon_core.shell:Creating prefix util module '/home/deepanshu/My_ROS/install/_local_setup_util_ps1.py'
[0.715s] INFO:colcon.colcon_core.shell:Creating prefix chain script '/home/deepanshu/My_ROS/install/setup.ps1'
[0.716s] INFO:colcon.colcon_core.shell:Creating prefix script '/home/deepanshu/My_ROS/install/local_setup.sh'
[0.716s] INFO:colcon.colcon_core.shell:Creating prefix util module '/home/deepanshu/My_ROS/install/_local_setup_util_sh.py'
[0.717s] INFO:colcon.colcon_core.shell:Creating prefix chain script '/home/deepanshu/My_ROS/install/setup.sh'
[0.717s] INFO:colcon.colcon_core.shell:Creating prefix script '/home/deepanshu/My_ROS/install/local_setup.bash'
[0.718s] INFO:colcon.colcon_core.shell:Creating prefix chain script '/home/deepanshu/My_ROS/install/setup.bash'
[0.718s] INFO:colcon.colcon_core.shell:Creating prefix script '/home/deepanshu/My_ROS/install/local_setup.zsh'
[0.718s] INFO:colcon.colcon_core.shell:Creating prefix chain script '/home/deepanshu/My_ROS/install/setup.zsh'
