running egg_info
creating ../../build/r_bot/r_bot.egg-info
writing ../../build/r_bot/r_bot.egg-info/PKG-INFO
writing dependency_links to ../../build/r_bot/r_bot.egg-info/dependency_links.txt
writing entry points to ../../build/r_bot/r_bot.egg-info/entry_points.txt
writing requirements to ../../build/r_bot/r_bot.egg-info/requires.txt
writing top-level names to ../../build/r_bot/r_bot.egg-info/top_level.txt
writing manifest file '../../build/r_bot/r_bot.egg-info/SOURCES.txt'
reading manifest file '../../build/r_bot/r_bot.egg-info/SOURCES.txt'
writing manifest file '../../build/r_bot/r_bot.egg-info/SOURCES.txt'
running build
running build_py
creating /home/deepanshu/My_ROS/build/r_bot/build
creating /home/deepanshu/My_ROS/build/r_bot/build/lib
creating /home/deepanshu/My_ROS/build/r_bot/build/lib/r_bot
copying r_bot/__init__.py -> /home/deepanshu/My_ROS/build/r_bot/build/lib/r_bot
copying r_bot/omni_kinematics.py -> /home/deepanshu/My_ROS/build/r_bot/build/lib/r_bot
running install
running install_lib
creating /home/deepanshu/My_ROS/install/r_bot/lib/python3.10/site-packages/r_bot
copying /home/deepanshu/My_ROS/build/r_bot/build/lib/r_bot/__init__.py -> /home/deepanshu/My_ROS/install/r_bot/lib/python3.10/site-packages/r_bot
copying /home/deepanshu/My_ROS/build/r_bot/build/lib/r_bot/omni_kinematics.py -> /home/deepanshu/My_ROS/install/r_bot/lib/python3.10/site-packages/r_bot
byte-compiling /home/deepanshu/My_ROS/install/r_bot/lib/python3.10/site-packages/r_bot/__init__.py to __init__.cpython-310.pyc
byte-compiling /home/deepanshu/My_ROS/install/r_bot/lib/python3.10/site-packages/r_bot/omni_kinematics.py to omni_kinematics.cpython-310.pyc
running install_egg_info
Copying ../../build/r_bot/r_bot.egg-info to /home/deepanshu/My_ROS/install/r_bot/lib/python3.10/site-packages/r_bot-0.0.0-py3.10.egg-info
running install_scripts
Installing omni_kinematics script to /home/deepanshu/My_ROS/install/r_bot/bin
writing list of installed files to '/home/deepanshu/My_ROS/build/r_bot/install.log'
