[0.470s] Invoking command in '/home/deepanshu/My_ROS/src/r_bot': PYTHONPATH=/home/deepanshu/My_ROS/build/r_bot/prefix_override:/usr/lib/python3/dist-packages/colcon_core/task/python/colcon_distutils_commands:/home/deepanshu/My_ROS/install/r_bot/lib/python3.10/site-packages:${PYTHONPATH} /usr/bin/python3 -W ignore:setup.py install is deprecated -W ignore:easy_install command is deprecated setup.py egg_info --egg-base ../../build/r_bot build --build-base /home/deepanshu/My_ROS/build/r_bot/build install --record /home/deepanshu/My_ROS/build/r_bot/install.log --single-version-externally-managed
[0.600s] running egg_info
[0.601s] creating ../../build/r_bot/r_bot.egg-info
[0.601s] writing ../../build/r_bot/r_bot.egg-info/PKG-INFO
[0.601s] writing dependency_links to ../../build/r_bot/r_bot.egg-info/dependency_links.txt
[0.601s] writing entry points to ../../build/r_bot/r_bot.egg-info/entry_points.txt
[0.601s] writing requirements to ../../build/r_bot/r_bot.egg-info/requires.txt
[0.601s] writing top-level names to ../../build/r_bot/r_bot.egg-info/top_level.txt
[0.601s] writing manifest file '../../build/r_bot/r_bot.egg-info/SOURCES.txt'
[0.602s] reading manifest file '../../build/r_bot/r_bot.egg-info/SOURCES.txt'
[0.602s] writing manifest file '../../build/r_bot/r_bot.egg-info/SOURCES.txt'
[0.602s] running build
[0.602s] running build_py
[0.602s] creating /home/deepanshu/My_ROS/build/r_bot/build
[0.602s] creating /home/deepanshu/My_ROS/build/r_bot/build/lib
[0.602s] creating /home/deepanshu/My_ROS/build/r_bot/build/lib/r_bot
[0.602s] copying r_bot/__init__.py -> /home/deepanshu/My_ROS/build/r_bot/build/lib/r_bot
[0.602s] copying r_bot/omni_kinematics.py -> /home/deepanshu/My_ROS/build/r_bot/build/lib/r_bot
[0.603s] running install
[0.603s] running install_lib
[0.603s] creating /home/deepanshu/My_ROS/install/r_bot/lib/python3.10/site-packages/r_bot
[0.603s] copying /home/deepanshu/My_ROS/build/r_bot/build/lib/r_bot/__init__.py -> /home/deepanshu/My_ROS/install/r_bot/lib/python3.10/site-packages/r_bot
[0.603s] copying /home/deepanshu/My_ROS/build/r_bot/build/lib/r_bot/omni_kinematics.py -> /home/deepanshu/My_ROS/install/r_bot/lib/python3.10/site-packages/r_bot
[0.603s] byte-compiling /home/deepanshu/My_ROS/install/r_bot/lib/python3.10/site-packages/r_bot/__init__.py to __init__.cpython-310.pyc
[0.604s] byte-compiling /home/deepanshu/My_ROS/install/r_bot/lib/python3.10/site-packages/r_bot/omni_kinematics.py to omni_kinematics.cpython-310.pyc
[0.604s] running install_egg_info
[0.606s] Copying ../../build/r_bot/r_bot.egg-info to /home/deepanshu/My_ROS/install/r_bot/lib/python3.10/site-packages/r_bot-0.0.0-py3.10.egg-info
[0.606s] running install_scripts
[0.618s] Installing omni_kinematics script to /home/deepanshu/My_ROS/install/r_bot/bin
[0.618s] writing list of installed files to '/home/deepanshu/My_ROS/build/r_bot/install.log'
[0.632s] Invoked command in '/home/deepanshu/My_ROS/src/r_bot' returned '0': PYTHONPATH=/home/deepanshu/My_ROS/build/r_bot/prefix_override:/usr/lib/python3/dist-packages/colcon_core/task/python/colcon_distutils_commands:/home/deepanshu/My_ROS/install/r_bot/lib/python3.10/site-packages:${PYTHONPATH} /usr/bin/python3 -W ignore:setup.py install is deprecated -W ignore:easy_install command is deprecated setup.py egg_info --egg-base ../../build/r_bot build --build-base /home/deepanshu/My_ROS/build/r_bot/build install --record /home/deepanshu/My_ROS/build/r_bot/install.log --single-version-externally-managed
