[0.007s] Invoking command in '/home/deepanshu/My_ROS/build/r_bot': CMAKE_PREFIX_PATH=${CMAKE_PREFIX_PATH}:/opt/ros/humble /usr/bin/cmake --build /home/deepanshu/My_ROS/build/r_bot -- -j16 -l16
[0.035s] Invoked command in '/home/deepanshu/My_ROS/build/r_bot' returned '0': CMAKE_PREFIX_PATH=${CMAKE_PREFIX_PATH}:/opt/ros/humble /usr/bin/cmake --build /home/deepanshu/My_ROS/build/r_bot -- -j16 -l16
[0.042s] Invoking command in '/home/deepanshu/My_ROS/build/r_bot': CMAKE_PREFIX_PATH=${CMAKE_PREFIX_PATH}:/opt/ros/humble /usr/bin/cmake --install /home/deepanshu/My_ROS/build/r_bot
[0.046s] -- Install configuration: ""
[0.047s] -- Execute custom install script
[0.047s] -- Symlinking: /home/deepanshu/My_ROS/install/r_bot/share/r_bot/launch/control.launch.py
[0.052s] -- Up-to-date symlink: /home/deepanshu/My_ROS/install/r_bot/share/r_bot/launch/launch_sim.launch.py
[0.052s] -- Up-to-date symlink: /home/deepanshu/My_ROS/install/r_bot/share/r_bot/launch/rsp.launch.py
[0.052s] -- Symlinking: /home/deepanshu/My_ROS/install/r_bot/share/r_bot/config/controllers.yaml
[0.059s] -- Symlinking: /home/deepanshu/My_ROS/install/r_bot/share/r_bot/config/gui.config
[0.064s] -- Symlinking: /home/deepanshu/My_ROS/install/r_bot/share/r_bot/config/ros_gz_bridge.yaml
[0.069s] -- Symlinking: /home/deepanshu/My_ROS/install/r_bot/share/r_bot/config/world.config
[0.074s] -- Up-to-date symlink: /home/deepanshu/My_ROS/install/r_bot/share/r_bot/description/gazebo_control.xacro
[0.075s] -- Up-to-date symlink: /home/deepanshu/My_ROS/install/r_bot/share/r_bot/description/inertial_macros.xacro
[0.075s] -- Up-to-date symlink: /home/deepanshu/My_ROS/install/r_bot/share/r_bot/description/meshes/arm_elbow.dae
[0.075s] -- Up-to-date symlink: /home/deepanshu/My_ROS/install/r_bot/share/r_bot/description/meshes/arm_link.dae
[0.075s] -- Up-to-date symlink: /home/deepanshu/My_ROS/install/r_bot/share/r_bot/description/meshes/base.stl
[0.075s] -- Up-to-date symlink: /home/deepanshu/My_ROS/install/r_bot/share/r_bot/description/meshes/bot.dae
[0.075s] -- Up-to-date symlink: /home/deepanshu/My_ROS/install/r_bot/share/r_bot/description/meshes/bot_marker.png
[0.075s] -- Up-to-date symlink: /home/deepanshu/My_ROS/install/r_bot/share/r_bot/description/meshes/hb_crystal.dae
[0.075s] -- Up-to-date symlink: /home/deepanshu/My_ROS/install/r_bot/share/r_bot/description/meshes/hb_frostbite.dae
[0.075s] -- Up-to-date symlink: /home/deepanshu/My_ROS/install/r_bot/share/r_bot/description/meshes/hb_glacio.dae
[0.075s] -- Up-to-date symlink: /home/deepanshu/My_ROS/install/r_bot/share/r_bot/description/meshes/marker_0.png
[0.076s] -- Up-to-date symlink: /home/deepanshu/My_ROS/install/r_bot/share/r_bot/description/meshes/marker_2.png
[0.076s] -- Up-to-date symlink: /home/deepanshu/My_ROS/install/r_bot/share/r_bot/description/meshes/marker_4.png
[0.076s] -- Up-to-date symlink: /home/deepanshu/My_ROS/install/r_bot/share/r_bot/description/meshes/rim.stl
[0.076s] -- Up-to-date symlink: /home/deepanshu/My_ROS/install/r_bot/share/r_bot/description/meshes/roller.stl
[0.076s] -- Up-to-date symlink: /home/deepanshu/My_ROS/install/r_bot/share/r_bot/description/meshes/wheel.stl
[0.076s] -- Up-to-date symlink: /home/deepanshu/My_ROS/install/r_bot/share/r_bot/description/meshes/wheels.dae
[0.076s] -- Up-to-date symlink: /home/deepanshu/My_ROS/install/r_bot/share/r_bot/description/new_core.xacro
[0.076s] -- Up-to-date symlink: /home/deepanshu/My_ROS/install/r_bot/share/r_bot/description/robot.urdf.xacro
[0.076s] -- Up-to-date symlink: /home/deepanshu/My_ROS/install/r_bot/share/r_bot/description/robot_core.xacro
[0.076s] -- Up-to-date symlink: /home/deepanshu/My_ROS/install/r_bot/share/ament_index/resource_index/package_run_dependencies/r_bot
[0.076s] -- Up-to-date symlink: /home/deepanshu/My_ROS/install/r_bot/share/ament_index/resource_index/parent_prefix_path/r_bot
[0.076s] -- Up-to-date symlink: /home/deepanshu/My_ROS/install/r_bot/share/r_bot/environment/ament_prefix_path.sh
[0.076s] -- Up-to-date symlink: /home/deepanshu/My_ROS/install/r_bot/share/r_bot/environment/ament_prefix_path.dsv
[0.076s] -- Up-to-date symlink: /home/deepanshu/My_ROS/install/r_bot/share/r_bot/environment/path.sh
[0.076s] -- Up-to-date symlink: /home/deepanshu/My_ROS/install/r_bot/share/r_bot/environment/path.dsv
[0.077s] -- Up-to-date symlink: /home/deepanshu/My_ROS/install/r_bot/share/r_bot/local_setup.bash
[0.077s] -- Up-to-date symlink: /home/deepanshu/My_ROS/install/r_bot/share/r_bot/local_setup.sh
[0.077s] -- Up-to-date symlink: /home/deepanshu/My_ROS/install/r_bot/share/r_bot/local_setup.zsh
[0.077s] -- Up-to-date symlink: /home/deepanshu/My_ROS/install/r_bot/share/r_bot/local_setup.dsv
[0.077s] -- Symlinking: /home/deepanshu/My_ROS/install/r_bot/share/r_bot/package.dsv
[0.082s] -- Up-to-date symlink: /home/deepanshu/My_ROS/install/r_bot/share/ament_index/resource_index/packages/r_bot
[0.082s] -- Up-to-date symlink: /home/deepanshu/My_ROS/install/r_bot/share/r_bot/cmake/r_botConfig.cmake
[0.082s] -- Up-to-date symlink: /home/deepanshu/My_ROS/install/r_bot/share/r_bot/cmake/r_botConfig-version.cmake
[0.082s] -- Up-to-date symlink: /home/deepanshu/My_ROS/install/r_bot/share/r_bot/package.xml
[0.083s] Invoked command in '/home/deepanshu/My_ROS/build/r_bot' returned '0': CMAKE_PREFIX_PATH=${CMAKE_PREFIX_PATH}:/opt/ros/humble /usr/bin/cmake --install /home/deepanshu/My_ROS/build/r_bot
