-- Found ament_cmake: 1.3.13 (/opt/ros/humble/share/ament_cmake/cmake)
-- Override CMake install command with custom implementation using symlinks instead of copying resources
-- Configuring done
-- Generating done
-- Build files have been written to: /home/deepanshu/My_ROS/build/r_bot
-- Install configuration: ""
-- Execute custom install script
-- Up-to-date symlink: /home/deepanshu/My_ROS/install/r_bot/share/r_bot/launch/launch_sim.launch.py
-- Up-to-date symlink: /home/deepanshu/My_ROS/install/r_bot/share/r_bot/launch/new.py
-- Up-to-date symlink: /home/deepanshu/My_ROS/install/r_bot/share/r_bot/launch/rsp.launch.py
-- Up-to-date symlink: /home/deepanshu/My_ROS/install/r_bot/share/r_bot/launch/teleop.py
-- Symlinking: /home/deepanshu/My_ROS/install/r_bot/share/r_bot/config/Control.yaml
-- Symlinking: /home/deepanshu/My_ROS/install/r_bot/share/r_bot/config/controllers.yaml
-- Symlinking: /home/deepanshu/My_ROS/install/r_bot/share/r_bot/config/gui.config
-- Symlinking: /home/deepanshu/My_ROS/install/r_bot/share/r_bot/config/ros_gz_bridge.yaml
-- Symlinking: /home/deepanshu/My_ROS/install/r_bot/share/r_bot/config/world.config
-- Symlinking: /home/deepanshu/My_ROS/install/r_bot/share/r_bot/description/inertial_macros.xacro
-- Symlinking: /home/deepanshu/My_ROS/install/r_bot/share/r_bot/description/lidar.xacro
-- Symlinking: /home/deepanshu/My_ROS/install/r_bot/share/r_bot/description/meshes/arm_elbow.dae
-- Symlinking: /home/deepanshu/My_ROS/install/r_bot/share/r_bot/description/meshes/arm_link.dae
-- Symlinking: /home/deepanshu/My_ROS/install/r_bot/share/r_bot/description/meshes/base.stl
-- Symlinking: /home/deepanshu/My_ROS/install/r_bot/share/r_bot/description/meshes/bot.dae
-- Symlinking: /home/deepanshu/My_ROS/install/r_bot/share/r_bot/description/meshes/bot_marker.png
-- Symlinking: /home/deepanshu/My_ROS/install/r_bot/share/r_bot/description/meshes/hb_crystal.dae
-- Symlinking: /home/deepanshu/My_ROS/install/r_bot/share/r_bot/description/meshes/hb_frostbite.dae
-- Symlinking: /home/deepanshu/My_ROS/install/r_bot/share/r_bot/description/meshes/hb_glacio.dae
-- Symlinking: /home/deepanshu/My_ROS/install/r_bot/share/r_bot/description/meshes/marker_0.png
-- Symlinking: /home/deepanshu/My_ROS/install/r_bot/share/r_bot/description/meshes/marker_2.png
-- Symlinking: /home/deepanshu/My_ROS/install/r_bot/share/r_bot/description/meshes/marker_4.png
-- Symlinking: /home/deepanshu/My_ROS/install/r_bot/share/r_bot/description/meshes/rim.stl
-- Symlinking: /home/deepanshu/My_ROS/install/r_bot/share/r_bot/description/meshes/roller.stl
-- Symlinking: /home/deepanshu/My_ROS/install/r_bot/share/r_bot/description/meshes/wheel.stl
-- Symlinking: /home/deepanshu/My_ROS/install/r_bot/share/r_bot/description/meshes/wheels.dae
-- Symlinking: /home/deepanshu/My_ROS/install/r_bot/share/r_bot/description/new_core.xacro
-- Symlinking: /home/deepanshu/My_ROS/install/r_bot/share/r_bot/description/original_core_file.xacro
-- Symlinking: /home/deepanshu/My_ROS/install/r_bot/share/r_bot/description/robot.urdf.xacro
-- Symlinking: /home/deepanshu/My_ROS/install/r_bot/share/ament_index/resource_index/package_run_dependencies/r_bot
-- Symlinking: /home/deepanshu/My_ROS/install/r_bot/share/ament_index/resource_index/parent_prefix_path/r_bot
-- Symlinking: /home/deepanshu/My_ROS/install/r_bot/share/r_bot/environment/ament_prefix_path.sh
-- Symlinking: /home/deepanshu/My_ROS/install/r_bot/share/r_bot/environment/ament_prefix_path.dsv
-- Symlinking: /home/deepanshu/My_ROS/install/r_bot/share/r_bot/environment/path.sh
-- Symlinking: /home/deepanshu/My_ROS/install/r_bot/share/r_bot/environment/path.dsv
-- Symlinking: /home/deepanshu/My_ROS/install/r_bot/share/r_bot/local_setup.bash
-- Symlinking: /home/deepanshu/My_ROS/install/r_bot/share/r_bot/local_setup.sh
-- Symlinking: /home/deepanshu/My_ROS/install/r_bot/share/r_bot/local_setup.zsh
-- Symlinking: /home/deepanshu/My_ROS/install/r_bot/share/r_bot/local_setup.dsv
-- Symlinking: /home/deepanshu/My_ROS/install/r_bot/share/r_bot/package.dsv
-- Symlinking: /home/deepanshu/My_ROS/install/r_bot/share/ament_index/resource_index/packages/r_bot
-- Symlinking: /home/deepanshu/My_ROS/install/r_bot/share/r_bot/cmake/r_botConfig.cmake
-- Symlinking: /home/deepanshu/My_ROS/install/r_bot/share/r_bot/cmake/r_botConfig-version.cmake
-- Up-to-date symlink: /home/deepanshu/My_ROS/install/r_bot/share/r_bot/package.xml
