-- Install configuration: ""
-- Execute custom install script
-- Up-to-date symlink: /home/deepanshu/My_ROS/install/r_bot/share/r_bot/launch/rsp.launch.py
-- Symlinking: /home/deepanshu/My_ROS/install/r_bot/share/r_bot/description/meshes/arm_elbow.dae
-- Symlinking: /home/deepanshu/My_ROS/install/r_bot/share/r_bot/description/meshes/arm_link.dae
-- Symlinking: /home/deepanshu/My_ROS/install/r_bot/share/r_bot/description/meshes/base.stl
-- Symlinking: /home/deepanshu/My_ROS/install/r_bot/share/r_bot/description/meshes/bot.dae
-- Symlinking: /home/deepanshu/My_ROS/install/r_bot/share/r_bot/description/meshes/bot_marker.png
-- Symlinking: /home/deepanshu/My_ROS/install/r_bot/share/r_bot/description/meshes/hb_crystal.dae
-- Symlinking: /home/deepanshu/My_ROS/install/r_bot/share/r_bot/description/meshes/hb_frostbite.dae
-- Symlinking: /home/deepanshu/My_ROS/install/r_bot/share/r_bot/description/meshes/hb_glacio.dae
-- Symlinking: /home/deepanshu/My_ROS/install/r_bot/share/r_bot/description/meshes/marker_0.png
-- Symlinking: /home/deepanshu/My_ROS/install/r_bot/share/r_bot/description/meshes/marker_2.png
-- Symlinking: /home/deepanshu/My_ROS/install/r_bot/share/r_bot/description/meshes/marker_4.png
-- Symlinking: /home/deepanshu/My_ROS/install/r_bot/share/r_bot/description/meshes/rim.stl
-- Symlinking: /home/deepanshu/My_ROS/install/r_bot/share/r_bot/description/meshes/roller.stl
-- Symlinking: /home/deepanshu/My_ROS/install/r_bot/share/r_bot/description/meshes/wheel.stl
-- Symlinking: /home/deepanshu/My_ROS/install/r_bot/share/r_bot/description/meshes/wheels.dae
-- Up-to-date symlink: /home/deepanshu/My_ROS/install/r_bot/share/r_bot/description/robot.urdf.xacro
-- Up-to-date symlink: /home/deepanshu/My_ROS/install/r_bot/share/r_bot/description/robot_core.xacro
-- Up-to-date symlink: /home/deepanshu/My_ROS/install/r_bot/share/ament_index/resource_index/package_run_dependencies/r_bot
-- Up-to-date symlink: /home/deepanshu/My_ROS/install/r_bot/share/ament_index/resource_index/parent_prefix_path/r_bot
-- Up-to-date symlink: /home/deepanshu/My_ROS/install/r_bot/share/r_bot/environment/ament_prefix_path.sh
-- Up-to-date symlink: /home/deepanshu/My_ROS/install/r_bot/share/r_bot/environment/ament_prefix_path.dsv
-- Up-to-date symlink: /home/deepanshu/My_ROS/install/r_bot/share/r_bot/environment/path.sh
-- Up-to-date symlink: /home/deepanshu/My_ROS/install/r_bot/share/r_bot/environment/path.dsv
-- Up-to-date symlink: /home/deepanshu/My_ROS/install/r_bot/share/r_bot/local_setup.bash
-- Up-to-date symlink: /home/deepanshu/My_ROS/install/r_bot/share/r_bot/local_setup.sh
-- Up-to-date symlink: /home/deepanshu/My_ROS/install/r_bot/share/r_bot/local_setup.zsh
-- Up-to-date symlink: /home/deepanshu/My_ROS/install/r_bot/share/r_bot/local_setup.dsv
-- Symlinking: /home/deepanshu/My_ROS/install/r_bot/share/r_bot/package.dsv
-- Up-to-date symlink: /home/deepanshu/My_ROS/install/r_bot/share/ament_index/resource_index/packages/r_bot
-- Up-to-date symlink: /home/deepanshu/My_ROS/install/r_bot/share/r_bot/cmake/r_botConfig.cmake
-- Up-to-date symlink: /home/deepanshu/My_ROS/install/r_bot/share/r_bot/cmake/r_botConfig-version.cmake
-- Up-to-date symlink: /home/deepanshu/My_ROS/install/r_bot/share/r_bot/package.xml
