[0.005s] Invoking command in '/home/deepanshu/My_ROS/build/r_bot': CMAKE_PREFIX_PATH=/opt/ros/humble /usr/bin/cmake /home/deepanshu/My_ROS/src/r_bot -DCMAKE_INSTALL_PREFIX=/home/deepanshu/My_ROS/install/r_bot
[0.042s] -- The C compiler identification is GNU 11.4.0
[0.080s] -- The CXX compiler identification is GNU 11.4.0
[0.085s] -- Detecting C compiler ABI info
[0.132s] -- Detecting C compiler ABI info - done
[0.136s] -- Check for working C compiler: /usr/bin/cc - skipped
[0.136s] -- Detecting C compile features
[0.136s] -- Detecting C compile features - done
[0.138s] -- Detecting CXX compiler ABI info
[0.195s] -- Detecting CXX compiler ABI info - done
[0.199s] -- Check for working CXX compiler: /usr/bin/c++ - skipped
[0.199s] -- Detecting CXX compile features
[0.199s] -- Detecting CXX compile features - done
[0.201s] -- Found ament_cmake: 1.3.13 (/opt/ros/humble/share/ament_cmake/cmake)
[0.303s] -- Found Python3: /usr/bin/python3 (found version "3.10.12") found components: Interpreter 
[0.392s] -- Configuring done
[0.393s] -- Generating done
[0.394s] -- Build files have been written to: /home/deepanshu/My_ROS/build/r_bot
[0.397s] Invoked command in '/home/deepanshu/My_ROS/build/r_bot' returned '0': CMAKE_PREFIX_PATH=/opt/ros/humble /usr/bin/cmake /home/deepanshu/My_ROS/src/r_bot -DCMAKE_INSTALL_PREFIX=/home/deepanshu/My_ROS/install/r_bot
[0.398s] Invoking command in '/home/deepanshu/My_ROS/build/r_bot': CMAKE_PREFIX_PATH=/opt/ros/humble /usr/bin/cmake --build /home/deepanshu/My_ROS/build/r_bot -- -j16 -l16
[0.424s] Invoked command in '/home/deepanshu/My_ROS/build/r_bot' returned '0': CMAKE_PREFIX_PATH=/opt/ros/humble /usr/bin/cmake --build /home/deepanshu/My_ROS/build/r_bot -- -j16 -l16
[0.432s] Invoking command in '/home/deepanshu/My_ROS/build/r_bot': CMAKE_PREFIX_PATH=/opt/ros/humble /usr/bin/cmake --install /home/deepanshu/My_ROS/build/r_bot
[0.436s] -- Install configuration: ""
[0.436s] -- Installing: /home/deepanshu/My_ROS/install/r_bot/share/r_bot/launch
[0.436s] -- Installing: /home/deepanshu/My_ROS/install/r_bot/share/r_bot/launch/rsp.launch.py
[0.437s] -- Installing: /home/deepanshu/My_ROS/install/r_bot/share/r_bot/config
[0.437s] -- Installing: /home/deepanshu/My_ROS/install/r_bot/share/r_bot/description
[0.437s] -- Installing: /home/deepanshu/My_ROS/install/r_bot/share/r_bot/description/robot.urdf.xacro
[0.437s] -- Installing: /home/deepanshu/My_ROS/install/r_bot/share/r_bot/description/robot_core.xacro
[0.437s] -- Installing: /home/deepanshu/My_ROS/install/r_bot/share/ament_index/resource_index/package_run_dependencies/r_bot
[0.437s] -- Installing: /home/deepanshu/My_ROS/install/r_bot/share/ament_index/resource_index/parent_prefix_path/r_bot
[0.437s] -- Installing: /home/deepanshu/My_ROS/install/r_bot/share/r_bot/environment/ament_prefix_path.sh
[0.437s] -- Installing: /home/deepanshu/My_ROS/install/r_bot/share/r_bot/environment/ament_prefix_path.dsv
[0.437s] -- Installing: /home/deepanshu/My_ROS/install/r_bot/share/r_bot/environment/path.sh
[0.437s] -- Installing: /home/deepanshu/My_ROS/install/r_bot/share/r_bot/environment/path.dsv
[0.437s] -- Installing: /home/deepanshu/My_ROS/install/r_bot/share/r_bot/local_setup.bash
[0.437s] -- Installing: /home/deepanshu/My_ROS/install/r_bot/share/r_bot/local_setup.sh
[0.437s] -- Installing: /home/deepanshu/My_ROS/install/r_bot/share/r_bot/local_setup.zsh
[0.437s] -- Installing: /home/deepanshu/My_ROS/install/r_bot/share/r_bot/local_setup.dsv
[0.438s] -- Installing: /home/deepanshu/My_ROS/install/r_bot/share/r_bot/package.dsv
[0.438s] -- Installing: /home/deepanshu/My_ROS/install/r_bot/share/ament_index/resource_index/packages/r_bot
[0.438s] -- Installing: /home/deepanshu/My_ROS/install/r_bot/share/r_bot/cmake/r_botConfig.cmake
[0.438s] -- Installing: /home/deepanshu/My_ROS/install/r_bot/share/r_bot/cmake/r_botConfig-version.cmake
[0.438s] -- Installing: /home/deepanshu/My_ROS/install/r_bot/share/r_bot/package.xml
[0.438s] Invoked command in '/home/deepanshu/My_ROS/build/r_bot' returned '0': CMAKE_PREFIX_PATH=/opt/ros/humble /usr/bin/cmake --install /home/deepanshu/My_ROS/build/r_bot
