[0.006s] Invoking command in '/home/deepanshu/My_ROS/build/r_bot': CMAKE_PREFIX_PATH=${CMAKE_PREFIX_PATH}:/opt/ros/humble /usr/bin/cmake --build /home/deepanshu/My_ROS/build/r_bot -- -j16 -l16
[0.029s] Invoked command in '/home/deepanshu/My_ROS/build/r_bot' returned '0': CMAKE_PREFIX_PATH=${CMAKE_PREFIX_PATH}:/opt/ros/humble /usr/bin/cmake --build /home/deepanshu/My_ROS/build/r_bot -- -j16 -l16
[0.037s] Invoking command in '/home/deepanshu/My_ROS/build/r_bot': CMAKE_PREFIX_PATH=${CMAKE_PREFIX_PATH}:/opt/ros/humble /usr/bin/cmake --install /home/deepanshu/My_ROS/build/r_bot
[0.041s] -- Install configuration: ""
[0.041s] -- Up-to-date: /home/deepanshu/My_ROS/install/r_bot/share/r_bot/launch
[0.041s] -- Up-to-date: /home/deepanshu/My_ROS/install/r_bot/share/r_bot/launch/rsp.launch.py
[0.041s] -- Up-to-date: /home/deepanshu/My_ROS/install/r_bot/share/r_bot/config
[0.041s] -- Up-to-date: /home/deepanshu/My_ROS/install/r_bot/share/r_bot/description
[0.041s] -- Up-to-date: /home/deepanshu/My_ROS/install/r_bot/share/r_bot/description/robot.urdf.xacro
[0.041s] -- Installing: /home/deepanshu/My_ROS/install/r_bot/share/r_bot/description/robot_core.xacro
[0.041s] -- Up-to-date: /home/deepanshu/My_ROS/install/r_bot/share/ament_index/resource_index/package_run_dependencies/r_bot
[0.041s] -- Up-to-date: /home/deepanshu/My_ROS/install/r_bot/share/ament_index/resource_index/parent_prefix_path/r_bot
[0.041s] -- Up-to-date: /home/deepanshu/My_ROS/install/r_bot/share/r_bot/environment/ament_prefix_path.sh
[0.041s] -- Up-to-date: /home/deepanshu/My_ROS/install/r_bot/share/r_bot/environment/ament_prefix_path.dsv
[0.041s] -- Up-to-date: /home/deepanshu/My_ROS/install/r_bot/share/r_bot/environment/path.sh
[0.041s] -- Up-to-date: /home/deepanshu/My_ROS/install/r_bot/share/r_bot/environment/path.dsv
[0.042s] -- Up-to-date: /home/deepanshu/My_ROS/install/r_bot/share/r_bot/local_setup.bash
[0.042s] -- Up-to-date: /home/deepanshu/My_ROS/install/r_bot/share/r_bot/local_setup.sh
[0.042s] -- Up-to-date: /home/deepanshu/My_ROS/install/r_bot/share/r_bot/local_setup.zsh
[0.042s] -- Up-to-date: /home/deepanshu/My_ROS/install/r_bot/share/r_bot/local_setup.dsv
[0.042s] -- Installing: /home/deepanshu/My_ROS/install/r_bot/share/r_bot/package.dsv
[0.042s] -- Up-to-date: /home/deepanshu/My_ROS/install/r_bot/share/ament_index/resource_index/packages/r_bot
[0.042s] -- Up-to-date: /home/deepanshu/My_ROS/install/r_bot/share/r_bot/cmake/r_botConfig.cmake
[0.042s] -- Up-to-date: /home/deepanshu/My_ROS/install/r_bot/share/r_bot/cmake/r_botConfig-version.cmake
[0.042s] -- Up-to-date: /home/deepanshu/My_ROS/install/r_bot/share/r_bot/package.xml
[0.043s] Invoked command in '/home/deepanshu/My_ROS/build/r_bot' returned '0': CMAKE_PREFIX_PATH=${CMAKE_PREFIX_PATH}:/opt/ros/humble /usr/bin/cmake --install /home/deepanshu/My_ROS/build/r_bot
