[0.332s] Invoking command in '/home/deepanshu/My_ROS/src/r_bot': PYTHONPATH=/home/deepanshu/My_ROS/build/r_bot/prefix_override:/usr/lib/python3/dist-packages/colcon_core/task/python/colcon_distutils_commands:/home/deepanshu/My_ROS/install/r_bot/lib/python3.10/site-packages:${PYTHONPATH} /usr/bin/python3 -W ignore:setup.py install is deprecated -W ignore:easy_install command is deprecated setup.py egg_info --egg-base ../../build/r_bot build --build-base /home/deepanshu/My_ROS/build/r_bot/build install --record /home/deepanshu/My_ROS/build/r_bot/install.log --single-version-externally-managed install_data
[0.458s] running egg_info
[0.458s] writing ../../build/r_bot/r_bot.egg-info/PKG-INFO
[0.458s] writing dependency_links to ../../build/r_bot/r_bot.egg-info/dependency_links.txt
[0.459s] writing entry points to ../../build/r_bot/r_bot.egg-info/entry_points.txt
[0.459s] writing requirements to ../../build/r_bot/r_bot.egg-info/requires.txt
[0.459s] writing top-level names to ../../build/r_bot/r_bot.egg-info/top_level.txt
[0.459s] reading manifest file '../../build/r_bot/r_bot.egg-info/SOURCES.txt'
[0.460s] writing manifest file '../../build/r_bot/r_bot.egg-info/SOURCES.txt'
[0.460s] running build
[0.460s] running build_py
[0.460s] running install
[0.460s] running install_lib
[0.461s] running install_data
[0.461s] running install_egg_info
[0.462s] removing '/home/deepanshu/My_ROS/install/r_bot/lib/python3.10/site-packages/r_bot-0.0.0-py3.10.egg-info' (and everything under it)
[0.462s] Copying ../../build/r_bot/r_bot.egg-info to /home/deepanshu/My_ROS/install/r_bot/lib/python3.10/site-packages/r_bot-0.0.0-py3.10.egg-info
[0.463s] running install_scripts
[0.477s] Installing omni_kinematics script to /home/deepanshu/My_ROS/install/r_bot/bin
[0.477s] writing list of installed files to '/home/deepanshu/My_ROS/build/r_bot/install.log'
[0.493s] Invoked command in '/home/deepanshu/My_ROS/src/r_bot' returned '0': PYTHONPATH=/home/deepanshu/My_ROS/build/r_bot/prefix_override:/usr/lib/python3/dist-packages/colcon_core/task/python/colcon_distutils_commands:/home/deepanshu/My_ROS/install/r_bot/lib/python3.10/site-packages:${PYTHONPATH} /usr/bin/python3 -W ignore:setup.py install is deprecated -W ignore:easy_install command is deprecated setup.py egg_info --egg-base ../../build/r_bot build --build-base /home/deepanshu/My_ROS/build/r_bot/build install --record /home/deepanshu/My_ROS/build/r_bot/install.log --single-version-externally-managed install_data
