-- Found ament_cmake: 1.3.13 (/opt/ros/humble/share/ament_cmake/cmake)
-- Override CMake install command with custom implementation using symlinks instead of copying resources
-- Configuring done
-- Generating done
-- Build files have been written to: /home/deepanshu/My_ROS/build/r_bot
-- Install configuration: ""
-- Execute custom install script
-- Symlinking: /home/deepanshu/My_ROS/install/r_bot/share/r_bot/launch/rsp.launch.py
-- Symlinking: /home/deepanshu/My_ROS/install/r_bot/share/r_bot/description/robot.urdf.xacro
-- Symlinking: /home/deepanshu/My_ROS/install/r_bot/share/r_bot/description/robot_core.xacro
-- Symlinking: /home/deepanshu/My_ROS/install/r_bot/share/ament_index/resource_index/package_run_dependencies/r_bot
-- Symlinking: /home/deepanshu/My_ROS/install/r_bot/share/ament_index/resource_index/parent_prefix_path/r_bot
-- Symlinking: /home/deepanshu/My_ROS/install/r_bot/share/r_bot/environment/ament_prefix_path.sh
-- Symlinking: /home/deepanshu/My_ROS/install/r_bot/share/r_bot/environment/ament_prefix_path.dsv
-- Symlinking: /home/deepanshu/My_ROS/install/r_bot/share/r_bot/environment/path.sh
-- Symlinking: /home/deepanshu/My_ROS/install/r_bot/share/r_bot/environment/path.dsv
-- Symlinking: /home/deepanshu/My_ROS/install/r_bot/share/r_bot/local_setup.bash
-- Symlinking: /home/deepanshu/My_ROS/install/r_bot/share/r_bot/local_setup.sh
-- Symlinking: /home/deepanshu/My_ROS/install/r_bot/share/r_bot/local_setup.zsh
-- Symlinking: /home/deepanshu/My_ROS/install/r_bot/share/r_bot/local_setup.dsv
-- Symlinking: /home/deepanshu/My_ROS/install/r_bot/share/r_bot/package.dsv
-- Symlinking: /home/deepanshu/My_ROS/install/r_bot/share/ament_index/resource_index/packages/r_bot
-- Symlinking: /home/deepanshu/My_ROS/install/r_bot/share/r_bot/cmake/r_botConfig.cmake
-- Symlinking: /home/deepanshu/My_ROS/install/r_bot/share/r_bot/cmake/r_botConfig-version.cmake
-- Symlinking: /home/deepanshu/My_ROS/install/r_bot/share/r_bot/package.xml
