[0.006s] Invoking command in '/home/deepanshu/My_ROS/build/r_bot': CMAKE_PREFIX_PATH=${CMAKE_PREFIX_PATH}:/opt/ros/humble /usr/bin/cmake /home/deepanshu/My_ROS/src/r_bot -DAMENT_CMAKE_SYMLINK_INSTALL=1 -DCMAKE_INSTALL_PREFIX=/home/deepanshu/My_ROS/install/r_bot
[0.014s] -- Found ament_cmake: 1.3.13 (/opt/ros/humble/share/ament_cmake/cmake)
[0.084s] -- Override CMake install command with custom implementation using symlinks instead of copying resources
[0.126s] -- Configuring done
[0.127s] -- Generating done
[0.127s] -- Build files have been written to: /home/deepanshu/My_ROS/build/r_bot
[0.129s] Invoked command in '/home/deepanshu/My_ROS/build/r_bot' returned '0': CMAKE_PREFIX_PATH=${CMAKE_PREFIX_PATH}:/opt/ros/humble /usr/bin/cmake /home/deepanshu/My_ROS/src/r_bot -DAMENT_CMAKE_SYMLINK_INSTALL=1 -DCMAKE_INSTALL_PREFIX=/home/deepanshu/My_ROS/install/r_bot
[0.131s] Invoking command in '/home/deepanshu/My_ROS/build/r_bot': CMAKE_PREFIX_PATH=${CMAKE_PREFIX_PATH}:/opt/ros/humble /usr/bin/cmake --build /home/deepanshu/My_ROS/build/r_bot -- -j16 -l16
[0.159s] Invoked command in '/home/deepanshu/My_ROS/build/r_bot' returned '0': CMAKE_PREFIX_PATH=${CMAKE_PREFIX_PATH}:/opt/ros/humble /usr/bin/cmake --build /home/deepanshu/My_ROS/build/r_bot -- -j16 -l16
[0.166s] Invoking command in '/home/deepanshu/My_ROS/build/r_bot': CMAKE_PREFIX_PATH=${CMAKE_PREFIX_PATH}:/opt/ros/humble /usr/bin/cmake --install /home/deepanshu/My_ROS/build/r_bot
[0.172s] -- Install configuration: ""
[0.172s] -- Execute custom install script
[0.173s] -- Symlinking: /home/deepanshu/My_ROS/install/r_bot/share/r_bot/launch/rsp.launch.py
[0.178s] -- Symlinking: /home/deepanshu/My_ROS/install/r_bot/share/r_bot/description/robot.urdf.xacro
[0.183s] -- Symlinking: /home/deepanshu/My_ROS/install/r_bot/share/r_bot/description/robot_core.xacro
[0.189s] -- Symlinking: /home/deepanshu/My_ROS/install/r_bot/share/ament_index/resource_index/package_run_dependencies/r_bot
[0.194s] -- Symlinking: /home/deepanshu/My_ROS/install/r_bot/share/ament_index/resource_index/parent_prefix_path/r_bot
[0.199s] -- Symlinking: /home/deepanshu/My_ROS/install/r_bot/share/r_bot/environment/ament_prefix_path.sh
[0.204s] -- Symlinking: /home/deepanshu/My_ROS/install/r_bot/share/r_bot/environment/ament_prefix_path.dsv
[0.210s] -- Symlinking: /home/deepanshu/My_ROS/install/r_bot/share/r_bot/environment/path.sh
[0.215s] -- Symlinking: /home/deepanshu/My_ROS/install/r_bot/share/r_bot/environment/path.dsv
[0.220s] -- Symlinking: /home/deepanshu/My_ROS/install/r_bot/share/r_bot/local_setup.bash
[0.225s] -- Symlinking: /home/deepanshu/My_ROS/install/r_bot/share/r_bot/local_setup.sh
[0.231s] -- Symlinking: /home/deepanshu/My_ROS/install/r_bot/share/r_bot/local_setup.zsh
[0.237s] -- Symlinking: /home/deepanshu/My_ROS/install/r_bot/share/r_bot/local_setup.dsv
[0.241s] -- Symlinking: /home/deepanshu/My_ROS/install/r_bot/share/r_bot/package.dsv
[0.247s] -- Symlinking: /home/deepanshu/My_ROS/install/r_bot/share/ament_index/resource_index/packages/r_bot
[0.252s] -- Symlinking: /home/deepanshu/My_ROS/install/r_bot/share/r_bot/cmake/r_botConfig.cmake
[0.257s] -- Symlinking: /home/deepanshu/My_ROS/install/r_bot/share/r_bot/cmake/r_botConfig-version.cmake
[0.264s] -- Symlinking: /home/deepanshu/My_ROS/install/r_bot/share/r_bot/package.xml
[0.270s] Invoked command in '/home/deepanshu/My_ROS/build/r_bot' returned '0': CMAKE_PREFIX_PATH=${CMAKE_PREFIX_PATH}:/opt/ros/humble /usr/bin/cmake --install /home/deepanshu/My_ROS/build/r_bot
